[0m17:44:45.731695 [debug] [MainThread]: Sending event: {'category': 'dbt', 'action': 'invocation', 'label': 'start', 'context': [<snowplow_tracker.self_describing_json.SelfDescribingJson object at 0x1067d2e40>, <snowplow_tracker.self_describing_json.SelfDescribingJson object at 0x118857c50>, <snowplow_tracker.self_describing_json.SelfDescribingJson object at 0x118857b10>]}


============================== 17:44:45.735771 | aa165229-b5dc-400d-b5f1-44fe50fca9a0 ==============================
[0m17:44:45.735771 [info ] [MainThread]: Running with dbt=1.11.8
[0m17:44:45.736172 [debug] [MainThread]: running dbt with arguments {'warn_error': 'None', 'invocation_command': 'dbt init cba_dbt_analytics', 'profiles_dir': '/Users/vivianayou/.dbt', 'use_experimental_parser': 'False', 'printer_width': '80', 'introspect': 'True', 'log_format': 'default', 'static_parser': 'True', 'use_colors': 'True', 'indirect_selection': 'eager', 'no_print': 'None', 'target_path': 'None', 'warn_error_options': 'WarnErrorOptionsV2(error=[], warn=[], silence=[])', 'debug': 'False', 'log_cache_events': 'False', 'log_path': 'logs', 'fail_fast': 'False', 'write_json': 'True', 'cache_selected_only': 'False', 'quiet': 'False', 'version_check': 'True', 'partial_parse': 'True', 'empty': 'None', 'send_anonymous_usage_stats': 'True'}
[0m17:44:45.747915 [debug] [MainThread]: Starter project path: /opt/anaconda3/lib/python3.13/site-packages/dbt/include/starter_project
[0m17:44:45.752242 [info ] [MainThread]: 
Your new dbt project "cba_dbt_analytics" was created!

For more information on how to configure the profiles.yml file,
please consult the dbt documentation here:

  https://docs.getdbt.com/docs/configure-your-profile

One more thing:

Need help? Don't hesitate to reach out to us via GitHub issues or on Slack:

  https://community.getdbt.com/

Happy modeling!

[0m17:44:45.752453 [info ] [MainThread]: Setting up your profile.
[0m17:45:54.118071 [info ] [MainThread]: Profile cba_dbt_analytics written to /Users/vivianayou/.dbt/profiles.yml using target's profile_template.yml and your supplied values. Run 'dbt debug' to validate the connection.
[0m17:45:54.121734 [debug] [MainThread]: Resource report: {"command_name": "init", "command_success": true, "command_wall_clock_time": 68.44523, "process_in_blocks": "0", "process_kernel_time": 0.24196, "process_mem_max_rss": "121552896", "process_out_blocks": "0", "process_user_time": 0.896961}
[0m17:45:54.122329 [debug] [MainThread]: Command `dbt init` succeeded at 17:45:54.122210 after 68.45 seconds
[0m17:45:54.122686 [debug] [MainThread]: Sending event: {'category': 'dbt', 'action': 'invocation', 'label': 'end', 'context': [<snowplow_tracker.self_describing_json.SelfDescribingJson object at 0x1188bbce0>, <snowplow_tracker.self_describing_json.SelfDescribingJson object at 0x107f14950>, <snowplow_tracker.self_describing_json.SelfDescribingJson object at 0x1189e05a0>]}
[0m17:45:54.123006 [debug] [MainThread]: Flushing usage events
[0m17:45:56.053014 [debug] [MainThread]: An error was encountered while trying to flush usage events
